<?xml version="1.0" encoding="UTF-8"?>
<!-- Generated by org.testng.reporters.JUnitReportReporter -->
<testsuite hostname="shubham-dhiman" failures="0" tests="1" name="cucumberOptions.TestRunner" time="2.631" errors="0" timestamp="2023-03-27T10:51:15 IST" skipped="0">
  <testcase classname="cucumberOptions.TestRunner" name="runScenario" time="2.631"/>
  <system-out/>
</testsuite> <!-- cucumberOptions.TestRunner -->
