<?xml version="1.0" encoding="UTF-8"?>
<!-- Generated by org.testng.reporters.JUnitReportReporter -->
<testsuite skipped="0" hostname="shubham-dhiman" name="cucumberOptions.TestRunner" tests="1" failures="0" timestamp="2023-03-27T11:30:08 IST" time="3.515" errors="0">
  <testcase name="runScenario" time="3.515" classname="cucumberOptions.TestRunner"/>
</testsuite> <!-- cucumberOptions.TestRunner -->
